{"C:\\Users\\hp\\Automation-Integration-Testing\\helperfunctions\\save.js": {"path":"C:\\Users\\hp\\Automation-Integration-Testing\\helperfunctions\\save.js","statementMap":{"0":{"start":{"line":1,"column":11},"end":{"line":1,"column":24}},"1":{"start":{"line":3,"column":13},"end":{"line":3,"column":28}},"2":{"start":{"line":6,"column":1},"end":{"line":13,"column":2}},"3":{"start":{"line":7,"column":2},"end":{"line":7,"column":95}},"4":{"start":{"line":9,"column":2},"end":{"line":9,"column":14}},"5":{"start":{"line":11,"column":2},"end":{"line":11,"column":21}},"6":{"start":{"line":12,"column":2},"end":{"line":12,"column":15}},"7":{"start":{"line":16,"column":0},"end":{"line":18,"column":2}}},"fnMap":{"0":{"name":"save","decl":{"start":{"line":5,"column":9},"end":{"line":5,"column":13}},"loc":{"start":{"line":5,"column":24},"end":{"line":14,"column":1}},"line":5}},"branchMap":{},"s":{"0":1,"1":1,"2":3,"3":3,"4":3,"5":0,"6":0,"7":1},"f":{"0":3},"b":{},"_coverageSchema":"1a1c01bbd47fc00a2c39e90264f33305004495a9","hash":"14235940fa1f127692998c552723be727141f60d"}
,"C:\\Users\\hp\\Automation-Integration-Testing\\routes\\books.route.js": {"path":"C:\\Users\\hp\\Automation-Integration-Testing\\routes\\books.route.js","statementMap":{"0":{"start":{"line":1,"column":16},"end":{"line":1,"column":34}},"1":{"start":{"line":2,"column":15},"end":{"line":2,"column":31}},"2":{"start":{"line":3,"column":17},"end":{"line":3,"column":47}},"3":{"start":{"line":4,"column":34},"end":{"line":4,"column":62}},"4":{"start":{"line":5,"column":15},"end":{"line":5,"column":49}},"5":{"start":{"line":7,"column":0},"end":{"line":9,"column":3}},"6":{"start":{"line":8,"column":4},"end":{"line":8,"column":35}},"7":{"start":{"line":11,"column":0},"end":{"line":44,"column":3}},"8":{"start":{"line":16,"column":19},"end":{"line":16,"column":40}},"9":{"start":{"line":18,"column":2},"end":{"line":22,"column":3}},"10":{"start":{"line":19,"column":3},"end":{"line":21,"column":6}},"11":{"start":{"line":24,"column":27},"end":{"line":24,"column":35}},"12":{"start":{"line":26,"column":2},"end":{"line":30,"column":5}},"13":{"start":{"line":32,"column":18},"end":{"line":32,"column":32}},"14":{"start":{"line":34,"column":2},"end":{"line":39,"column":3}},"15":{"start":{"line":35,"column":3},"end":{"line":38,"column":6}},"16":{"start":{"line":41,"column":2},"end":{"line":43,"column":5}},"17":{"start":{"line":46,"column":0},"end":{"line":85,"column":2}},"18":{"start":{"line":48,"column":23},"end":{"line":48,"column":33}},"19":{"start":{"line":49,"column":26},"end":{"line":49,"column":34}},"20":{"start":{"line":50,"column":19},"end":{"line":50,"column":61}},"21":{"start":{"line":50,"column":43},"end":{"line":50,"column":60}},"22":{"start":{"line":52,"column":1},"end":{"line":57,"column":2}},"23":{"start":{"line":53,"column":2},"end":{"line":56,"column":5}},"24":{"start":{"line":59,"column":22},"end":{"line":59,"column":26}},"25":{"start":{"line":61,"column":22},"end":{"line":73,"column":3}},"26":{"start":{"line":62,"column":2},"end":{"line":70,"column":3}},"27":{"start":{"line":63,"column":3},"end":{"line":67,"column":5}},"28":{"start":{"line":69,"column":3},"end":{"line":69,"column":22}},"29":{"start":{"line":72,"column":2},"end":{"line":72,"column":14}},"30":{"start":{"line":75,"column":17},"end":{"line":75,"column":35}},"31":{"start":{"line":77,"column":1},"end":{"line":82,"column":2}},"32":{"start":{"line":78,"column":2},"end":{"line":81,"column":5}},"33":{"start":{"line":84,"column":1},"end":{"line":84,"column":35}},"34":{"start":{"line":88,"column":0},"end":{"line":113,"column":2}},"35":{"start":{"line":89,"column":23},"end":{"line":89,"column":33}},"36":{"start":{"line":90,"column":26},"end":{"line":90,"column":34}},"37":{"start":{"line":91,"column":19},"end":{"line":91,"column":61}},"38":{"start":{"line":91,"column":43},"end":{"line":91,"column":60}},"39":{"start":{"line":93,"column":1},"end":{"line":98,"column":2}},"40":{"start":{"line":94,"column":2},"end":{"line":97,"column":5}},"41":{"start":{"line":100,"column":25},"end":{"line":100,"column":68}},"42":{"start":{"line":100,"column":50},"end":{"line":100,"column":67}},"43":{"start":{"line":102,"column":20},"end":{"line":102,"column":38}},"44":{"start":{"line":103,"column":4},"end":{"line":108,"column":5}},"45":{"start":{"line":104,"column":8},"end":{"line":107,"column":11}},"46":{"start":{"line":110,"column":4},"end":{"line":112,"column":6}},"47":{"start":{"line":119,"column":0},"end":{"line":119,"column":24}}},"fnMap":{"0":{"name":"(anonymous_0)","decl":{"start":{"line":7,"column":16},"end":{"line":7,"column":17}},"loc":{"start":{"line":7,"column":27},"end":{"line":9,"column":1}},"line":7},"1":{"name":"(anonymous_1)","decl":{"start":{"line":14,"column":4},"end":{"line":14,"column":5}},"loc":{"start":{"line":14,"column":21},"end":{"line":44,"column":1}},"line":14},"2":{"name":"(anonymous_2)","decl":{"start":{"line":46,"column":23},"end":{"line":46,"column":24}},"loc":{"start":{"line":46,"column":34},"end":{"line":85,"column":1}},"line":46},"3":{"name":"(anonymous_3)","decl":{"start":{"line":50,"column":33},"end":{"line":50,"column":34}},"loc":{"start":{"line":50,"column":43},"end":{"line":50,"column":60}},"line":50},"4":{"name":"(anonymous_4)","decl":{"start":{"line":61,"column":35},"end":{"line":61,"column":36}},"loc":{"start":{"line":61,"column":45},"end":{"line":73,"column":2}},"line":61},"5":{"name":"(anonymous_5)","decl":{"start":{"line":88,"column":26},"end":{"line":88,"column":27}},"loc":{"start":{"line":88,"column":37},"end":{"line":113,"column":1}},"line":88},"6":{"name":"(anonymous_6)","decl":{"start":{"line":91,"column":33},"end":{"line":91,"column":34}},"loc":{"start":{"line":91,"column":43},"end":{"line":91,"column":60}},"line":91},"7":{"name":"(anonymous_7)","decl":{"start":{"line":100,"column":41},"end":{"line":100,"column":42}},"loc":{"start":{"line":100,"column":50},"end":{"line":100,"column":67}},"line":100}},"branchMap":{"0":{"loc":{"start":{"line":18,"column":2},"end":{"line":22,"column":3}},"type":"if","locations":[{"start":{"line":18,"column":2},"end":{"line":22,"column":3}},{"start":{},"end":{}}],"line":18},"1":{"loc":{"start":{"line":34,"column":2},"end":{"line":39,"column":3}},"type":"if","locations":[{"start":{"line":34,"column":2},"end":{"line":39,"column":3}},{"start":{},"end":{}}],"line":34},"2":{"loc":{"start":{"line":52,"column":1},"end":{"line":57,"column":2}},"type":"if","locations":[{"start":{"line":52,"column":1},"end":{"line":57,"column":2}},{"start":{},"end":{}}],"line":52},"3":{"loc":{"start":{"line":62,"column":2},"end":{"line":70,"column":3}},"type":"if","locations":[{"start":{"line":62,"column":2},"end":{"line":70,"column":3}},{"start":{},"end":{}}],"line":62},"4":{"loc":{"start":{"line":77,"column":1},"end":{"line":82,"column":2}},"type":"if","locations":[{"start":{"line":77,"column":1},"end":{"line":82,"column":2}},{"start":{},"end":{}}],"line":77},"5":{"loc":{"start":{"line":93,"column":1},"end":{"line":98,"column":2}},"type":"if","locations":[{"start":{"line":93,"column":1},"end":{"line":98,"column":2}},{"start":{},"end":{}}],"line":93},"6":{"loc":{"start":{"line":103,"column":4},"end":{"line":108,"column":5}},"type":"if","locations":[{"start":{"line":103,"column":4},"end":{"line":108,"column":5}},{"start":{},"end":{}}],"line":103}},"s":{"0":1,"1":1,"2":1,"3":1,"4":1,"5":1,"6":1,"7":1,"8":2,"9":2,"10":1,"11":1,"12":1,"13":1,"14":1,"15":0,"16":1,"17":1,"18":2,"19":2,"20":2,"21":6,"22":2,"23":1,"24":1,"25":1,"26":4,"27":1,"28":1,"29":3,"30":1,"31":1,"32":0,"33":1,"34":1,"35":2,"36":2,"37":2,"38":7,"39":2,"40":1,"41":1,"42":4,"43":1,"44":1,"45":0,"46":1,"47":1},"f":{"0":1,"1":2,"2":2,"3":6,"4":4,"5":2,"6":7,"7":4},"b":{"0":[1,1],"1":[0,1],"2":[1,1],"3":[1,3],"4":[0,1],"5":[1,1],"6":[0,1]},"_coverageSchema":"1a1c01bbd47fc00a2c39e90264f33305004495a9","hash":"17223a9e4e4a2b65b0da6227bce5459d7064a126"}
}
