TN:
SF:helperfunctions\save.js
FN:5,save
FNF:1
FNH:1
FNDA:3,save
DA:1,1
DA:3,1
DA:6,3
DA:7,3
DA:9,3
DA:11,0
DA:12,0
DA:16,1
LF:8
LH:6
BRF:0
BRH:0
end_of_record
TN:
SF:routes\books.route.js
FN:7,(anonymous_0)
FN:14,(anonymous_1)
FN:46,(anonymous_2)
FN:50,(anonymous_3)
FN:61,(anonymous_4)
FN:88,(anonymous_5)
FN:91,(anonymous_6)
FN:100,(anonymous_7)
FNF:8
FNH:8
FNDA:1,(anonymous_0)
FNDA:2,(anonymous_1)
FNDA:2,(anonymous_2)
FNDA:6,(anonymous_3)
FNDA:4,(anonymous_4)
FNDA:2,(anonymous_5)
FNDA:7,(anonymous_6)
FNDA:4,(anonymous_7)
DA:1,1
DA:2,1
DA:3,1
DA:4,1
DA:5,1
DA:7,1
DA:8,1
DA:11,1
DA:16,2
DA:18,2
DA:19,1
DA:24,1
DA:26,1
DA:32,1
DA:34,1
DA:35,0
DA:41,1
DA:46,1
DA:48,2
DA:49,2
DA:50,6
DA:52,2
DA:53,1
DA:59,1
DA:61,1
DA:62,4
DA:63,1
DA:69,1
DA:72,3
DA:75,1
DA:77,1
DA:78,0
DA:84,1
DA:88,1
DA:89,2
DA:90,2
DA:91,7
DA:93,2
DA:94,1
DA:100,4
DA:102,1
DA:103,1
DA:104,0
DA:110,1
DA:119,1
LF:45
LH:42
BRDA:18,0,0,1
BRDA:18,0,1,1
BRDA:34,1,0,0
BRDA:34,1,1,1
BRDA:52,2,0,1
BRDA:52,2,1,1
BRDA:62,3,0,1
BRDA:62,3,1,3
BRDA:77,4,0,0
BRDA:77,4,1,1
BRDA:93,5,0,1
BRDA:93,5,1,1
BRDA:103,6,0,0
BRDA:103,6,1,1
BRF:14
BRH:11
end_of_record
